2026-01-05 13:03:42,135 | INFO | ETL pipeline started
2026-01-05 13:03:42,135 | INFO | ETL pipeline completed successfully
2026-01-05 13:20:26,019 | INFO | ETL pipeline started
2026-01-05 13:20:26,020 | INFO | Customer extraction started
2026-01-05 13:20:26,283 | INFO | Customer extraction completed
2026-01-05 13:20:26,285 | INFO | Customer transformation started
2026-01-05 13:37:12,081 | INFO | ETL pipeline started
2026-01-05 13:37:12,185 | INFO | Customer extraction completed
2026-01-05 13:37:12,391 | INFO | Customer and order transformation completed
2026-01-05 13:37:13,053 | INFO | Data quality checks completed
2026-01-05 13:37:13,053 | INFO | ETL pipeline completed successfully
2026-01-06 12:38:54,841 | INFO | ETL pipeline started
2026-01-06 12:38:54,948 | INFO | Customer extraction completed
2026-01-06 12:38:55,083 | INFO | Customer and order transformation completed
2026-01-06 12:38:55,691 | INFO | Data quality checks completed
2026-01-06 12:38:55,692 | INFO | ETL pipeline completed successfully
2026-01-06 13:02:44,464 | INFO | ETL pipeline started
2026-01-06 13:02:44,519 | INFO | Customer extraction completed
2026-01-06 13:02:44,633 | INFO | Customer and order transformation completed
2026-01-06 13:02:45,025 | INFO | Data quality checks completed
2026-01-06 13:02:45,025 | INFO | ETL pipeline completed successfully
